[     474ms] [INFO] %cDownload the React DevTools for a better development experience: https://reactjs.org/link/react-devtools font-weight:bold @ http://localhost:5173/node_modules/.vite/deps/chunk-TYILIMWK.js?v=2bdb5cd2:21550
[     511ms] [WARNING] ⚠️ React Router Future Flag Warning: React Router will begin wrapping state updates in `React.startTransition` in v7. You can use the `v7_startTransition` future flag to opt-in early. For more information, see https://reactrouter.com/v6/upgrading/future#v7_starttransition. @ http://localhost:5173/node_modules/.vite/deps/react-router-dom.js?v=2bdb5cd2:4435
[     512ms] [WARNING] ⚠️ React Router Future Flag Warning: Relative route resolution within Splat routes is changing in v7. You can use the `v7_relativeSplatPath` future flag to opt-in early. For more information, see https://reactrouter.com/v6/upgrading/future#v7_relativesplatpath. @ http://localhost:5173/node_modules/.vite/deps/react-router-dom.js?v=2bdb5cd2:4435
[   10480ms] [LOG] Download the Apollo DevTools for a better development experience: %s https://chrome.google.com/webstore/detail/apollo-client-developer-t/jdkknkkbebbapilgoeccciglkfbmbnfm @ http://localhost:5173/node_modules/.vite/deps/chunk-BWUDQKKD.js?v=2bdb5cd2:180
[ 1324993ms] [ERROR] Failed to load resource: the server responded with a status of 500 (Internal Server Error) @ http://localhost:5173/src/pages/home/HomePage.tsx?t=1779132960853:0
[ 1324995ms] [ERROR] [hmr] Failed to reload /src/pages/home/HomePage.tsx. This could be due to syntax errors or importing non-existent modules. (see errors above) @ http://localhost:5173/@vite/client:175
[ 1341754ms] [ERROR] Failed to load resource: the server responded with a status of 500 (Internal Server Error) @ http://localhost:5173/src/pages/home/HomePage.tsx?t=1779132977750:0
[ 1341754ms] [ERROR] [hmr] Failed to reload /src/app/App.tsx. This could be due to syntax errors or importing non-existent modules. (see errors above) @ http://localhost:5173/@vite/client:175
[ 1357555ms] [ERROR] Failed to load resource: the server responded with a status of 500 (Internal Server Error) @ http://localhost:5173/src/pages/home/HomePage.tsx?t=1779132993564:0
[ 1357557ms] [ERROR] [hmr] Failed to reload /src/app/App.tsx. This could be due to syntax errors or importing non-existent modules. (see errors above) @ http://localhost:5173/@vite/client:175
[ 1367537ms] [ERROR] Failed to load resource: the server responded with a status of 500 (Internal Server Error) @ http://localhost:5173/src/pages/home/HomePage.tsx?t=1779133003592:0
[ 1367539ms] [ERROR] [hmr] Failed to reload /src/app/App.tsx. This could be due to syntax errors or importing non-existent modules. (see errors above) @ http://localhost:5173/@vite/client:175
[ 1378373ms] [ERROR] [hmr] Failed to reload /src/app/App.tsx. This could be due to syntax errors or importing non-existent modules. (see errors above) @ http://localhost:5173/@vite/client:175
[ 1451065ms] [LOG] [vite] server connection lost. Polling for restart... @ http://localhost:5173/@vite/client:559
[ 1451075ms] [ERROR] Failed to load resource: net::ERR_EMPTY_RESPONSE @ http://localhost:5173/:0
[ 1452079ms] [ERROR] Failed to load resource: net::ERR_EMPTY_RESPONSE @ http://localhost:5173/:0
[ 1453083ms] [ERROR] Failed to load resource: net::ERR_EMPTY_RESPONSE @ http://localhost:5173/:0
[ 1455359ms] [INFO] %cDownload the React DevTools for a better development experience: https://reactjs.org/link/react-devtools font-weight:bold @ http://localhost:5173/node_modules/.vite/deps/chunk-TYILIMWK.js?v=834fe19e:21550
[ 1455389ms] [WARNING] ⚠️ React Router Future Flag Warning: React Router will begin wrapping state updates in `React.startTransition` in v7. You can use the `v7_startTransition` future flag to opt-in early. For more information, see https://reactrouter.com/v6/upgrading/future#v7_starttransition. @ http://localhost:5173/node_modules/.vite/deps/react-router-dom.js?v=132a5bba:4435
[ 1455389ms] [WARNING] ⚠️ React Router Future Flag Warning: Relative route resolution within Splat routes is changing in v7. You can use the `v7_relativeSplatPath` future flag to opt-in early. For more information, see https://reactrouter.com/v6/upgrading/future#v7_relativesplatpath. @ http://localhost:5173/node_modules/.vite/deps/react-router-dom.js?v=132a5bba:4435
[ 1465367ms] [LOG] Download the Apollo DevTools for a better development experience: %s https://chrome.google.com/webstore/detail/apollo-client-developer-t/jdkknkkbebbapilgoeccciglkfbmbnfm @ http://localhost:5173/node_modules/.vite/deps/chunk-BWUDQKKD.js?v=834fe19e:180
