[     159ms] [INFO] %cDownload the React DevTools for a better development experience: https://reactjs.org/link/react-devtools font-weight:bold @ http://localhost:5173/node_modules/.vite/deps/chunk-TYILIMWK.js?v=f3b8d9cd:21550
[     167ms] [WARNING] ⚠️ React Router Future Flag Warning: React Router will begin wrapping state updates in `React.startTransition` in v7. You can use the `v7_startTransition` future flag to opt-in early. For more information, see https://reactrouter.com/v6/upgrading/future#v7_starttransition. @ http://localhost:5173/node_modules/.vite/deps/react-router-dom.js?v=f3b8d9cd:4435
[     167ms] [WARNING] ⚠️ React Router Future Flag Warning: Relative route resolution within Splat routes is changing in v7. You can use the `v7_relativeSplatPath` future flag to opt-in early. For more information, see https://reactrouter.com/v6/upgrading/future#v7_relativesplatpath. @ http://localhost:5173/node_modules/.vite/deps/react-router-dom.js?v=f3b8d9cd:4435
[   10162ms] [LOG] Download the Apollo DevTools for a better development experience: %s https://chrome.google.com/webstore/detail/apollo-client-developer-t/jdkknkkbebbapilgoeccciglkfbmbnfm @ http://localhost:5173/node_modules/.vite/deps/chunk-BWUDQKKD.js?v=f3b8d9cd:180
[ 6528596ms] ReferenceError: editBtnStyle is not defined
    at AccountDetailPage (http://localhost:5173/src/pages/accounts/AccountDetailPage.tsx?t=1779162351195:123:83)
    at renderWithHooks (http://localhost:5173/node_modules/.vite/deps/chunk-TYILIMWK.js?v=f3b8d9cd:11548:26)
    at updateFunctionComponent (http://localhost:5173/node_modules/.vite/deps/chunk-TYILIMWK.js?v=f3b8d9cd:14582:28)
    at beginWork (http://localhost:5173/node_modules/.vite/deps/chunk-TYILIMWK.js?v=f3b8d9cd:15924:22)
    at HTMLUnknownElement.callCallback2 (http://localhost:5173/node_modules/.vite/deps/chunk-TYILIMWK.js?v=f3b8d9cd:3674:22)
    at Object.invokeGuardedCallbackDev (http://localhost:5173/node_modules/.vite/deps/chunk-TYILIMWK.js?v=f3b8d9cd:3699:24)
    at invokeGuardedCallback (http://localhost:5173/node_modules/.vite/deps/chunk-TYILIMWK.js?v=f3b8d9cd:3733:39)
    at beginWork$1 (http://localhost:5173/node_modules/.vite/deps/chunk-TYILIMWK.js?v=f3b8d9cd:19765:15)
    at performUnitOfWork (http://localhost:5173/node_modules/.vite/deps/chunk-TYILIMWK.js?v=f3b8d9cd:19198:20)
    at workLoopSync (http://localhost:5173/node_modules/.vite/deps/chunk-TYILIMWK.js?v=f3b8d9cd:19137:13)
[ 6528597ms] ReferenceError: editBtnStyle is not defined
    at AccountDetailPage (http://localhost:5173/src/pages/accounts/AccountDetailPage.tsx?t=1779162351195:123:83)
    at renderWithHooks (http://localhost:5173/node_modules/.vite/deps/chunk-TYILIMWK.js?v=f3b8d9cd:11548:26)
    at updateFunctionComponent (http://localhost:5173/node_modules/.vite/deps/chunk-TYILIMWK.js?v=f3b8d9cd:14582:28)
    at beginWork (http://localhost:5173/node_modules/.vite/deps/chunk-TYILIMWK.js?v=f3b8d9cd:15924:22)
    at HTMLUnknownElement.callCallback2 (http://localhost:5173/node_modules/.vite/deps/chunk-TYILIMWK.js?v=f3b8d9cd:3674:22)
    at Object.invokeGuardedCallbackDev (http://localhost:5173/node_modules/.vite/deps/chunk-TYILIMWK.js?v=f3b8d9cd:3699:24)
    at invokeGuardedCallback (http://localhost:5173/node_modules/.vite/deps/chunk-TYILIMWK.js?v=f3b8d9cd:3733:39)
    at beginWork$1 (http://localhost:5173/node_modules/.vite/deps/chunk-TYILIMWK.js?v=f3b8d9cd:19765:15)
    at performUnitOfWork (http://localhost:5173/node_modules/.vite/deps/chunk-TYILIMWK.js?v=f3b8d9cd:19198:20)
    at workLoopSync (http://localhost:5173/node_modules/.vite/deps/chunk-TYILIMWK.js?v=f3b8d9cd:19137:13)
[ 6528598ms] [ERROR] The above error occurred in the <AccountDetailPage> component:

    at AccountDetailPage (http://localhost:5173/src/pages/accounts/AccountDetailPage.tsx?t=1779162351195:32:18)
    at RenderedRoute (http://localhost:5173/node_modules/.vite/deps/react-router-dom.js?v=f3b8d9cd:4131:5)
    at Outlet (http://localhost:5173/node_modules/.vite/deps/react-router-dom.js?v=f3b8d9cd:4537:26)
    at ProtectedRoute (http://localhost:5173/src/shared/lib/router/ProtectedRoute.tsx:23:31)
    at RenderedRoute (http://localhost:5173/node_modules/.vite/deps/react-router-dom.js?v=f3b8d9cd:4131:5)
    at Routes (http://localhost:5173/node_modules/.vite/deps/react-router-dom.js?v=f3b8d9cd:4601:5)
    at App
    at Router (http://localhost:5173/node_modules/.vite/deps/react-router-dom.js?v=f3b8d9cd:4544:15)
    at BrowserRouter (http://localhost:5173/node_modules/.vite/deps/react-router-dom.js?v=f3b8d9cd:5290:5)
    at ApolloProvider (http://localhost:5173/node_modules/.vite/deps/@apollo_client.js?v=f3b8d9cd:6681:19)

Consider adding an error boundary to your tree to customize error handling behavior.
Visit https://reactjs.org/link/error-boundaries to learn more about error boundaries. @ http://localhost:5173/node_modules/.vite/deps/chunk-TYILIMWK.js?v=f3b8d9cd:14031
[ 6528599ms] ReferenceError: editBtnStyle is not defined
    at AccountDetailPage (http://localhost:5173/src/pages/accounts/AccountDetailPage.tsx?t=1779162351195:123:83)
    at renderWithHooks (http://localhost:5173/node_modules/.vite/deps/chunk-TYILIMWK.js?v=f3b8d9cd:11548:26)
    at updateFunctionComponent (http://localhost:5173/node_modules/.vite/deps/chunk-TYILIMWK.js?v=f3b8d9cd:14582:28)
    at beginWork (http://localhost:5173/node_modules/.vite/deps/chunk-TYILIMWK.js?v=f3b8d9cd:15924:22)
    at beginWork$1 (http://localhost:5173/node_modules/.vite/deps/chunk-TYILIMWK.js?v=f3b8d9cd:19753:22)
    at performUnitOfWork (http://localhost:5173/node_modules/.vite/deps/chunk-TYILIMWK.js?v=f3b8d9cd:19198:20)
    at workLoopSync (http://localhost:5173/node_modules/.vite/deps/chunk-TYILIMWK.js?v=f3b8d9cd:19137:13)
    at renderRootSync (http://localhost:5173/node_modules/.vite/deps/chunk-TYILIMWK.js?v=f3b8d9cd:19116:15)
    at recoverFromConcurrentError (http://localhost:5173/node_modules/.vite/deps/chunk-TYILIMWK.js?v=f3b8d9cd:18736:28)
    at performSyncWorkOnRoot (http://localhost:5173/node_modules/.vite/deps/chunk-TYILIMWK.js?v=f3b8d9cd:18879:28)
