[     119ms] [INFO] %cDownload the React DevTools for a better development experience: https://reactjs.org/link/react-devtools font-weight:bold @ http://localhost:5173/node_modules/.vite/deps/chunk-XPR23Y44.js?v=ef2ed573:21548
[     121ms] [WARNING] An error occurred! For more details, see the full error text at https://go.apollo.dev/c/err#%7B%22version%22%3A%223.14.1%22%2C%22message%22%3A103%2C%22args%22%3A%5B%22ApolloClient%22%2C%22uri%22%2C%22Please%20initialize%20an%20instance%20of%20%60HttpLink%60%20with%20%60uri%60%20instead.%22%5D%7D @ http://localhost:5173/node_modules/.vite/deps/@apollo_client.js?v=ef2ed573:200
[     121ms] [WARNING] An error occurred! For more details, see the full error text at https://go.apollo.dev/c/err#%7B%22version%22%3A%223.14.1%22%2C%22message%22%3A17%2C%22args%22%3A%5B%5D%7D @ http://localhost:5173/node_modules/.vite/deps/@apollo_client.js?v=ef2ed573:200
[     125ms] [WARNING] âš ď¸Ź React Router Future Flag Warning: React Router will begin wrapping state updates in `React.startTransition` in v7. You can use the `v7_startTransition` future flag to opt-in early. For more information, see https://reactrouter.com/v6/upgrading/future#v7_starttransition. @ http://localhost:5173/node_modules/.vite/deps/react-router-dom.js?v=ef2ed573:4433
[     125ms] [WARNING] âš ď¸Ź React Router Future Flag Warning: Relative route resolution within Splat routes is changing in v7. You can use the `v7_relativeSplatPath` future flag to opt-in early. For more information, see https://reactrouter.com/v6/upgrading/future#v7_relativesplatpath. @ http://localhost:5173/node_modules/.vite/deps/react-router-dom.js?v=ef2ed573:4433
[   10122ms] [LOG] Download the Apollo DevTools for a better development experience: %s https://chrome.google.com/webstore/detail/apollo-client-developer-t/jdkknkkbebbapilgoeccciglkfbmbnfm @ http://localhost:5173/node_modules/.vite/deps/@apollo_client.js?v=ef2ed573:200
[   12484ms] ApolloError: An account with this email already exists
    at new ApolloError2 (http://localhost:5173/node_modules/.vite/deps/@apollo_client.js?v=ef2ed573:11425:26)
    at http://localhost:5173/node_modules/.vite/deps/@apollo_client.js?v=ef2ed573:16038:27
    at both (http://localhost:5173/node_modules/.vite/deps/@apollo_client.js?v=ef2ed573:10714:17)
    at http://localhost:5173/node_modules/.vite/deps/@apollo_client.js?v=ef2ed573:10703:26
    at new Promise (<anonymous>)
    at Object.then (http://localhost:5173/node_modules/.vite/deps/@apollo_client.js?v=ef2ed573:10702:16)
    at Object.next (http://localhost:5173/node_modules/.vite/deps/@apollo_client.js?v=ef2ed573:10716:39)
    at notifySubscription (http://localhost:5173/node_modules/.vite/deps/@apollo_client.js?v=ef2ed573:10146:18)
    at onNotify (http://localhost:5173/node_modules/.vite/deps/@apollo_client.js?v=ef2ed573:10184:3)
    at SubscriptionObserver2.next (http://localhost:5173/node_modules/.vite/deps/@apollo_client.js?v=ef2ed573:10221:5)
[ 1456260ms] [INFO] %cDownload the React DevTools for a better development experience: https://reactjs.org/link/react-devtools font-weight:bold @ http://localhost:5173/node_modules/.vite/deps/chunk-XPR23Y44.js?v=ef2ed573:21548
[ 1456266ms] [WARNING] âš ď¸Ź React Router Future Flag Warning: React Router will begin wrapping state updates in `React.startTransition` in v7. You can use the `v7_startTransition` future flag to opt-in early. For more information, see https://reactrouter.com/v6/upgrading/future#v7_starttransition. @ http://localhost:5173/node_modules/.vite/deps/react-router-dom.js?v=ef2ed573:4433
[ 1456266ms] [WARNING] âš ď¸Ź React Router Future Flag Warning: Relative route resolution within Splat routes is changing in v7. You can use the `v7_relativeSplatPath` future flag to opt-in early. For more information, see https://reactrouter.com/v6/upgrading/future#v7_relativesplatpath. @ http://localhost:5173/node_modules/.vite/deps/react-router-dom.js?v=ef2ed573:4433
[ 1456532ms] [INFO] %cDownload the React DevTools for a better development experience: https://reactjs.org/link/react-devtools font-weight:bold @ http://localhost:5173/node_modules/.vite/deps/chunk-TYILIMWK.js?v=2bdb5cd2:21550
[ 1456545ms] [WARNING] âš ď¸Ź React Router Future Flag Warning: React Router will begin wrapping state updates in `React.startTransition` in v7. You can use the `v7_startTransition` future flag to opt-in early. For more information, see https://reactrouter.com/v6/upgrading/future#v7_starttransition. @ http://localhost:5173/node_modules/.vite/deps/react-router-dom.js?v=2bdb5cd2:4435
[ 1456546ms] [WARNING] âš ď¸Ź React Router Future Flag Warning: Relative route resolution within Splat routes is changing in v7. You can use the `v7_relativeSplatPath` future flag to opt-in early. For more information, see https://reactrouter.com/v6/upgrading/future#v7_relativesplatpath. @ http://localhost:5173/node_modules/.vite/deps/react-router-dom.js?v=2bdb5cd2:4435
[ 1466536ms] [LOG] Download the Apollo DevTools for a better development experience: %s https://chrome.google.com/webstore/detail/apollo-client-developer-t/jdkknkkbebbapilgoeccciglkfbmbnfm @ http://localhost:5173/node_modules/.vite/deps/chunk-BWUDQKKD.js?v=2bdb5cd2:180
