[     136ms] [INFO] %cDownload the React DevTools for a better development experience: https://reactjs.org/link/react-devtools font-weight:bold @ http://localhost:5173/node_modules/.vite/deps/chunk-TYILIMWK.js?v=2bdb5cd2:21550
[     141ms] [WARNING] ⚠️ React Router Future Flag Warning: React Router will begin wrapping state updates in `React.startTransition` in v7. You can use the `v7_startTransition` future flag to opt-in early. For more information, see https://reactrouter.com/v6/upgrading/future#v7_starttransition. @ http://localhost:5173/node_modules/.vite/deps/react-router-dom.js?v=2bdb5cd2:4435
[     141ms] [WARNING] ⚠️ React Router Future Flag Warning: Relative route resolution within Splat routes is changing in v7. You can use the `v7_relativeSplatPath` future flag to opt-in early. For more information, see https://reactrouter.com/v6/upgrading/future#v7_relativesplatpath. @ http://localhost:5173/node_modules/.vite/deps/react-router-dom.js?v=2bdb5cd2:4435
[     259ms] ApolloError: This confirmation link has expired or already been used.
    at new ApolloError2 (http://localhost:5173/node_modules/.vite/deps/chunk-MR64YDYQ.js?v=2bdb5cd2:32:26)
    at http://localhost:5173/node_modules/.vite/deps/@apollo_client.js?v=2bdb5cd2:4893:27
    at both (http://localhost:5173/node_modules/.vite/deps/chunk-BWUDQKKD.js?v=2bdb5cd2:10721:17)
    at http://localhost:5173/node_modules/.vite/deps/chunk-BWUDQKKD.js?v=2bdb5cd2:10710:26
    at new Promise (<anonymous>)
    at Object.then (http://localhost:5173/node_modules/.vite/deps/chunk-BWUDQKKD.js?v=2bdb5cd2:10709:16)
    at Object.next (http://localhost:5173/node_modules/.vite/deps/chunk-BWUDQKKD.js?v=2bdb5cd2:10723:39)
    at notifySubscription (http://localhost:5173/node_modules/.vite/deps/chunk-BWUDQKKD.js?v=2bdb5cd2:9619:18)
    at onNotify (http://localhost:5173/node_modules/.vite/deps/chunk-BWUDQKKD.js?v=2bdb5cd2:9657:3)
    at SubscriptionObserver2.next (http://localhost:5173/node_modules/.vite/deps/chunk-BWUDQKKD.js?v=2bdb5cd2:9694:5)
[     259ms] ApolloError: This confirmation link has expired or already been used.
    at new ApolloError2 (http://localhost:5173/node_modules/.vite/deps/chunk-MR64YDYQ.js?v=2bdb5cd2:32:26)
    at http://localhost:5173/node_modules/.vite/deps/@apollo_client.js?v=2bdb5cd2:4893:27
    at both (http://localhost:5173/node_modules/.vite/deps/chunk-BWUDQKKD.js?v=2bdb5cd2:10721:17)
    at http://localhost:5173/node_modules/.vite/deps/chunk-BWUDQKKD.js?v=2bdb5cd2:10710:26
    at new Promise (<anonymous>)
    at Object.then (http://localhost:5173/node_modules/.vite/deps/chunk-BWUDQKKD.js?v=2bdb5cd2:10709:16)
    at Object.next (http://localhost:5173/node_modules/.vite/deps/chunk-BWUDQKKD.js?v=2bdb5cd2:10723:39)
    at notifySubscription (http://localhost:5173/node_modules/.vite/deps/chunk-BWUDQKKD.js?v=2bdb5cd2:9619:18)
    at onNotify (http://localhost:5173/node_modules/.vite/deps/chunk-BWUDQKKD.js?v=2bdb5cd2:9657:3)
    at SubscriptionObserver2.next (http://localhost:5173/node_modules/.vite/deps/chunk-BWUDQKKD.js?v=2bdb5cd2:9694:5)
[   10139ms] [LOG] Download the Apollo DevTools for a better development experience: %s https://chrome.google.com/webstore/detail/apollo-client-developer-t/jdkknkkbebbapilgoeccciglkfbmbnfm @ http://localhost:5173/node_modules/.vite/deps/chunk-BWUDQKKD.js?v=2bdb5cd2:180
